[2023-07-19 20:38:22] request.INFO: Matched route "admin_module_manage". {"route":"admin_module_manage","route_parameters":{"category":null,"keyword":null,"_controller":"PrestaShopBundle\\Controller\\Admin\\Improve\\ModuleController::manageAction","_legacy_controller":"AdminModulesManage","_legacy_link":["AdminModulesManage","AdminModulesSf"],"_route":"admin_module_manage"},"request_uri":"http://localhost/prestashop_2/admin072nydk8x/index.php/improve/modules/manage?_token=Z9aM2uMZMVu0E8dueBaDElSSBdiUjdkSG9jOXIkL-1A","method":"GET"} []
[2023-07-19 20:38:22] security.DEBUG: Read existing security token from the session. {"key":"_security_main","token_class":"Symfony\\Component\\Security\\Core\\Authentication\\Token\\UsernamePasswordToken"} []
[2023-07-19 20:38:22] security.DEBUG: User was reloaded from a user provider. {"provider":"PrestaShopBundle\\Security\\Admin\\EmployeeProvider","username":"bitec-student@gmail.com"} []
[2023-07-19 20:38:28] app.ERROR: Data from PrestaShop Addons is invalid, and cannot fallback on cache. [] []
[2023-07-19 20:38:33] security.DEBUG: Stored the security token in the session. {"key":"_security_main"} []
[2023-07-19 20:38:37] request.INFO: Matched route "admin_module_notification_count". {"route":"admin_module_notification_count","route_parameters":{"_controller":"PrestaShopBundle\\Controller\\Admin\\Improve\\Modules\\AlertsController::notificationsCountAction","_legacy_controller":"AdminModulesNotifications","_legacy_link":"AdminModulesNotifications:count","_route":"admin_module_notification_count"},"request_uri":"http://localhost/prestashop_2/admin072nydk8x/index.php/improve/modules/alerts/count?_token=Z9aM2uMZMVu0E8dueBaDElSSBdiUjdkSG9jOXIkL-1A","method":"GET"} []
[2023-07-19 20:38:38] security.DEBUG: Read existing security token from the session. {"key":"_security_main","token_class":"Symfony\\Component\\Security\\Core\\Authentication\\Token\\UsernamePasswordToken"} []
[2023-07-19 20:38:38] security.DEBUG: User was reloaded from a user provider. {"provider":"PrestaShopBundle\\Security\\Admin\\EmployeeProvider","username":"bitec-student@gmail.com"} []
[2023-07-19 20:38:43] app.ERROR: Data from PrestaShop Addons is invalid, and cannot fallback on cache. [] []
[2023-07-19 20:38:44] security.DEBUG: Stored the security token in the session. {"key":"_security_main"} []
[2023-07-19 20:39:24] request.INFO: Matched route "admin_module_manage". {"route":"admin_module_manage","route_parameters":{"category":null,"keyword":null,"_controller":"PrestaShopBundle\\Controller\\Admin\\Improve\\ModuleController::manageAction","_legacy_controller":"AdminModulesManage","_legacy_link":["AdminModulesManage","AdminModulesSf"],"_route":"admin_module_manage"},"request_uri":"http://localhost/prestashop_2/admin072nydk8x/index.php/improve/modules/manage?_token=Z9aM2uMZMVu0E8dueBaDElSSBdiUjdkSG9jOXIkL-1A","method":"GET"} []
[2023-07-19 20:39:24] security.DEBUG: Read existing security token from the session. {"key":"_security_main","token_class":"Symfony\\Component\\Security\\Core\\Authentication\\Token\\UsernamePasswordToken"} []
[2023-07-19 20:39:24] security.DEBUG: User was reloaded from a user provider. {"provider":"PrestaShopBundle\\Security\\Admin\\EmployeeProvider","username":"bitec-student@gmail.com"} []
[2023-07-19 20:39:30] app.ERROR: Data from PrestaShop Addons is invalid, and cannot fallback on cache. [] []
[2023-07-19 20:39:32] security.DEBUG: Stored the security token in the session. {"key":"_security_main"} []
[2023-07-19 20:39:35] request.INFO: Matched route "admin_module_notification_count". {"route":"admin_module_notification_count","route_parameters":{"_controller":"PrestaShopBundle\\Controller\\Admin\\Improve\\Modules\\AlertsController::notificationsCountAction","_legacy_controller":"AdminModulesNotifications","_legacy_link":"AdminModulesNotifications:count","_route":"admin_module_notification_count"},"request_uri":"http://localhost/prestashop_2/admin072nydk8x/index.php/improve/modules/alerts/count?_token=Z9aM2uMZMVu0E8dueBaDElSSBdiUjdkSG9jOXIkL-1A","method":"GET"} []
[2023-07-19 20:39:36] security.DEBUG: Read existing security token from the session. {"key":"_security_main","token_class":"Symfony\\Component\\Security\\Core\\Authentication\\Token\\UsernamePasswordToken"} []
[2023-07-19 20:39:36] security.DEBUG: User was reloaded from a user provider. {"provider":"PrestaShopBundle\\Security\\Admin\\EmployeeProvider","username":"bitec-student@gmail.com"} []
[2023-07-19 20:39:41] app.ERROR: Data from PrestaShop Addons is invalid, and cannot fallback on cache. [] []
[2023-07-19 20:39:42] security.DEBUG: Stored the security token in the session. {"key":"_security_main"} []
[2023-07-19 20:40:02] request.INFO: Matched route "admin_module_configure_action". {"route":"admin_module_configure_action","route_parameters":{"_controller":"PrestaShopBundle\\Controller\\Admin\\Improve\\ModuleController::configureModuleAction","_legacy_controller":"AdminModules","module_name":"ps_banner","_route":"admin_module_configure_action"},"request_uri":"http://localhost/prestashop_2/admin072nydk8x/index.php/improve/modules/manage/action/configure/ps_banner?_token=Z9aM2uMZMVu0E8dueBaDElSSBdiUjdkSG9jOXIkL-1A","method":"GET"} []
[2023-07-19 20:40:02] security.DEBUG: Read existing security token from the session. {"key":"_security_main","token_class":"Symfony\\Component\\Security\\Core\\Authentication\\Token\\UsernamePasswordToken"} []
[2023-07-19 20:40:02] security.DEBUG: User was reloaded from a user provider. {"provider":"PrestaShopBundle\\Security\\Admin\\EmployeeProvider","username":"bitec-student@gmail.com"} []
[2023-07-19 20:40:08] app.ERROR: Data from PrestaShop Addons is invalid, and cannot fallback on cache. [] []
[2023-07-19 20:40:09] security.DEBUG: Stored the security token in the session. {"key":"_security_main"} []
[2023-07-19 20:40:19] request.INFO: Matched route "admin_module_configure_action". {"route":"admin_module_configure_action","route_parameters":{"_controller":"PrestaShopBundle\\Controller\\Admin\\Improve\\ModuleController::configureModuleAction","_legacy_controller":"AdminModules","module_name":"ps_banner","_route":"admin_module_configure_action"},"request_uri":"http://localhost/prestashop_2/admin072nydk8x/index.php/improve/modules/manage/action/configure/ps_banner?_token=Z9aM2uMZMVu0E8dueBaDElSSBdiUjdkSG9jOXIkL-1A","method":"GET"} []
[2023-07-19 20:40:19] security.DEBUG: Read existing security token from the session. {"key":"_security_main","token_class":"Symfony\\Component\\Security\\Core\\Authentication\\Token\\UsernamePasswordToken"} []
[2023-07-19 20:40:19] security.DEBUG: User was reloaded from a user provider. {"provider":"PrestaShopBundle\\Security\\Admin\\EmployeeProvider","username":"bitec-student@gmail.com"} []
[2023-07-19 20:40:25] app.ERROR: Data from PrestaShop Addons is invalid, and cannot fallback on cache. [] []
[2023-07-19 20:40:26] security.DEBUG: Stored the security token in the session. {"key":"_security_main"} []
[2023-07-19 20:40:31] request.INFO: Matched route "admin_module_manage". {"route":"admin_module_manage","route_parameters":{"category":null,"keyword":null,"_controller":"PrestaShopBundle\\Controller\\Admin\\Improve\\ModuleController::manageAction","_legacy_controller":"AdminModulesManage","_legacy_link":["AdminModulesManage","AdminModulesSf"],"_route":"admin_module_manage"},"request_uri":"http://localhost/prestashop_2/admin072nydk8x/index.php/improve/modules/manage?_token=Z9aM2uMZMVu0E8dueBaDElSSBdiUjdkSG9jOXIkL-1A","method":"GET"} []
[2023-07-19 20:40:32] security.DEBUG: Read existing security token from the session. {"key":"_security_main","token_class":"Symfony\\Component\\Security\\Core\\Authentication\\Token\\UsernamePasswordToken"} []
[2023-07-19 20:40:32] security.DEBUG: User was reloaded from a user provider. {"provider":"PrestaShopBundle\\Security\\Admin\\EmployeeProvider","username":"bitec-student@gmail.com"} []
[2023-07-19 20:40:38] app.ERROR: Data from PrestaShop Addons is invalid, and cannot fallback on cache. [] []
[2023-07-19 20:40:39] security.DEBUG: Stored the security token in the session. {"key":"_security_main"} []
[2023-07-19 20:40:42] request.INFO: Matched route "admin_module_notification_count". {"route":"admin_module_notification_count","route_parameters":{"_controller":"PrestaShopBundle\\Controller\\Admin\\Improve\\Modules\\AlertsController::notificationsCountAction","_legacy_controller":"AdminModulesNotifications","_legacy_link":"AdminModulesNotifications:count","_route":"admin_module_notification_count"},"request_uri":"http://localhost/prestashop_2/admin072nydk8x/index.php/improve/modules/alerts/count?_token=Z9aM2uMZMVu0E8dueBaDElSSBdiUjdkSG9jOXIkL-1A","method":"GET"} []
[2023-07-19 20:40:43] security.DEBUG: Read existing security token from the session. {"key":"_security_main","token_class":"Symfony\\Component\\Security\\Core\\Authentication\\Token\\UsernamePasswordToken"} []
[2023-07-19 20:40:43] security.DEBUG: User was reloaded from a user provider. {"provider":"PrestaShopBundle\\Security\\Admin\\EmployeeProvider","username":"bitec-student@gmail.com"} []
[2023-07-19 20:40:53] app.ERROR: Data from PrestaShop Addons is invalid, and cannot fallback on cache. [] []
[2023-07-19 20:40:53] security.DEBUG: Stored the security token in the session. {"key":"_security_main"} []
[2023-07-19 20:59:03] request.INFO: Matched route "admin_module_manage". {"route":"admin_module_manage","route_parameters":{"category":null,"keyword":null,"_controller":"PrestaShopBundle\\Controller\\Admin\\Improve\\ModuleController::manageAction","_legacy_controller":"AdminModulesManage","_legacy_link":["AdminModulesManage","AdminModulesSf"],"_route":"admin_module_manage"},"request_uri":"http://localhost/prestashop_2/admin072nydk8x/index.php/improve/modules/manage?_token=Z9aM2uMZMVu0E8dueBaDElSSBdiUjdkSG9jOXIkL-1A","method":"GET"} []
[2023-07-19 20:59:03] security.DEBUG: Read existing security token from the session. {"key":"_security_main","token_class":"Symfony\\Component\\Security\\Core\\Authentication\\Token\\UsernamePasswordToken"} []
[2023-07-19 20:59:03] security.DEBUG: User was reloaded from a user provider. {"provider":"PrestaShopBundle\\Security\\Admin\\EmployeeProvider","username":"bitec-student@gmail.com"} []
[2023-07-19 20:59:09] app.ERROR: Data from PrestaShop Addons is invalid, and cannot fallback on cache. [] []
[2023-07-19 20:59:11] security.DEBUG: Stored the security token in the session. {"key":"_security_main"} []
[2023-07-19 20:59:15] request.INFO: Matched route "admin_module_notification_count". {"route":"admin_module_notification_count","route_parameters":{"_controller":"PrestaShopBundle\\Controller\\Admin\\Improve\\Modules\\AlertsController::notificationsCountAction","_legacy_controller":"AdminModulesNotifications","_legacy_link":"AdminModulesNotifications:count","_route":"admin_module_notification_count"},"request_uri":"http://localhost/prestashop_2/admin072nydk8x/index.php/improve/modules/alerts/count?_token=Z9aM2uMZMVu0E8dueBaDElSSBdiUjdkSG9jOXIkL-1A","method":"GET"} []
[2023-07-19 20:59:16] security.DEBUG: Read existing security token from the session. {"key":"_security_main","token_class":"Symfony\\Component\\Security\\Core\\Authentication\\Token\\UsernamePasswordToken"} []
[2023-07-19 20:59:16] security.DEBUG: User was reloaded from a user provider. {"provider":"PrestaShopBundle\\Security\\Admin\\EmployeeProvider","username":"bitec-student@gmail.com"} []
[2023-07-19 20:59:22] app.ERROR: Data from PrestaShop Addons is invalid, and cannot fallback on cache. [] []
[2023-07-19 20:59:22] security.DEBUG: Stored the security token in the session. {"key":"_security_main"} []
[2023-07-19 20:59:44] request.INFO: Matched route "admin_module_configure_action". {"route":"admin_module_configure_action","route_parameters":{"_controller":"PrestaShopBundle\\Controller\\Admin\\Improve\\ModuleController::configureModuleAction","_legacy_controller":"AdminModules","module_name":"ps_customtext","_route":"admin_module_configure_action"},"request_uri":"http://localhost/prestashop_2/admin072nydk8x/index.php/improve/modules/manage/action/configure/ps_customtext?_token=Z9aM2uMZMVu0E8dueBaDElSSBdiUjdkSG9jOXIkL-1A","method":"GET"} []
[2023-07-19 20:59:44] security.DEBUG: Read existing security token from the session. {"key":"_security_main","token_class":"Symfony\\Component\\Security\\Core\\Authentication\\Token\\UsernamePasswordToken"} []
[2023-07-19 20:59:44] security.DEBUG: User was reloaded from a user provider. {"provider":"PrestaShopBundle\\Security\\Admin\\EmployeeProvider","username":"bitec-student@gmail.com"} []
[2023-07-19 20:59:50] app.ERROR: Data from PrestaShop Addons is invalid, and cannot fallback on cache. [] []
[2023-07-19 20:59:51] security.DEBUG: Stored the security token in the session. {"key":"_security_main"} []
[2023-07-19 21:02:17] request.INFO: Matched route "admin_product_form". {"route":"admin_product_form","route_parameters":{"_controller":"PrestaShopBundle\\Controller\\Admin\\ProductController::formAction","_legacy_controller":"AdminProducts","_legacy_param_mapper_class":"PrestaShop\\PrestaShop\\Adapter\\Product\\AdminProductDataProvider","_legacy_param_mapper_method":"mapLegacyParametersProductForm","id":"1","_route":"admin_product_form"},"request_uri":"http://localhost/prestashop_2/admin072nydk8x/index.php/sell/catalog/products/1?_token=Z9aM2uMZMVu0E8dueBaDElSSBdiUjdkSG9jOXIkL-1A","method":"GET"} []
[2023-07-19 21:02:17] security.DEBUG: Read existing security token from the session. {"key":"_security_main","token_class":"Symfony\\Component\\Security\\Core\\Authentication\\Token\\UsernamePasswordToken"} []
[2023-07-19 21:02:17] security.DEBUG: User was reloaded from a user provider. {"provider":"PrestaShopBundle\\Security\\Admin\\EmployeeProvider","username":"bitec-student@gmail.com"} []
[2023-07-19 21:02:33] app.ERROR: Data from PrestaShop Addons is invalid, and cannot fallback on cache. [] []
[2023-07-19 21:02:34] security.DEBUG: Stored the security token in the session. {"key":"_security_main"} []
[2023-07-22 14:36:25] request.INFO: Matched route "metrics_api_resolver". {"route":"metrics_api_resolver","route_parameters":{"query":"getShopData","_controller":"PrestaShop\\Module\\Ps_metrics\\Controller\\Admin\\MetricsResolverController::resolve","_route":"metrics_api_resolver"},"request_uri":"http://36ef-190-43-78-171.ngrok-free.app/prestashop_2/admin80429zu3g/index.php/modules/metrics/api/getShopData?_token=TAEyCr2LGSIr6MATK3qrmNjDytqG6zarY8ObmIU66Wo","method":"GET"} []
[2023-07-22 14:36:25] security.DEBUG: Read existing security token from the session. {"key":"_security_main","token_class":"Symfony\\Component\\Security\\Core\\Authentication\\Token\\UsernamePasswordToken"} []
[2023-07-22 14:36:25] security.DEBUG: User was reloaded from a user provider. {"provider":"PrestaShopBundle\\Security\\Admin\\EmployeeProvider","username":"bitec-student@gmail.com"} []
[2023-07-22 14:36:35] request.CRITICAL: Uncaught PHP Exception Exception: "#001 Message : Call to undefined method PrestaShop\Module\Ps_metrics\Handler\GuzzleApiResponseExceptionHandler::getBody()" at C:\xampp_7.4.1\htdocs\prestashop_2\modules\ps_metrics\src\Controller\Admin\MetricsResolverController.php line 81 {"exception":"[object] (Exception(code: 0): #001 Message : Call to undefined method PrestaShop\\Module\\Ps_metrics\\Handler\\GuzzleApiResponseExceptionHandler::getBody() at C:\\xampp_7.4.1\\htdocs\\prestashop_2\\modules\\ps_metrics\\src\\Controller\\Admin\\MetricsResolverController.php:81)"} []
[2023-07-22 14:36:35] security.DEBUG: Stored the security token in the session. {"key":"_security_main"} []
[2023-07-22 14:55:22] request.CRITICAL: Uncaught PHP Exception Symfony\Component\Filesystem\Exception\IOException: "Cannot rename "C:\xampp_7.4.1\htdocs\prestashop_2\var\cache\prod\app7D3E.tmp" to "C:\xampp_7.4.1\htdocs\prestashop_2\var\cache\prod/appProdProjectContainerUrlMatcher.php"." at C:\xampp_7.4.1\htdocs\prestashop_2\vendor\symfony\symfony\src\Symfony\Component\Filesystem\Filesystem.php line 289 {"exception":"[object] (Symfony\\Component\\Filesystem\\Exception\\IOException(code: 0): Cannot rename \"C:\\xampp_7.4.1\\htdocs\\prestashop_2\\var\\cache\\prod\\app7D3E.tmp\" to \"C:\\xampp_7.4.1\\htdocs\\prestashop_2\\var\\cache\\prod/appProdProjectContainerUrlMatcher.php\". at C:\\xampp_7.4.1\\htdocs\\prestashop_2\\vendor\\symfony\\symfony\\src\\Symfony\\Component\\Filesystem\\Filesystem.php:289)"} []
